<?xml version="1.0" encoding="UTF-8"?>
<!-- Generated by org.testng.reporters.JUnitReportReporter -->
<testsuite hostname="DESKTOP-UO2RFHB" failures="0" tests="2" name="com.ifieldsmart.testCases.LoginTC.LoginPositiveScenerio" time="25.665" errors="0" timestamp="2022-06-15T12:16:55 IST" skipped="0">
  <testcase classname="com.ifieldsmart.testCases.LoginTC.LoginPositiveScenerio" name="initbrowser" time="7.815"/>
  <system-out/>
  <testcase classname="com.ifieldsmart.testCases.LoginTC.LoginPositiveScenerio" name="login" time="17.850"/>
  <system-out/>
</testsuite> <!-- com.ifieldsmart.testCases.LoginTC.LoginPositiveScenerio -->
