<?xml version="1.0" encoding="UTF-8"?>
<!-- Generated by org.testng.reporters.JUnitReportReporter -->
<testsuite hostname="DESKTOP-UO2RFHB" failures="0" tests="3" name="com.ifieldsmart.testCases.loginUser1ProjectListTC001" time="79.052" errors="0" timestamp="2022-06-14T14:41:10 IST" skipped="0">
  <testcase classname="com.ifieldsmart.testCases.loginUser1ProjectListTC001" name="initbrowser" time="6.069"/>
  <system-out/>
  <testcase classname="com.ifieldsmart.testCases.loginUser1ProjectListTC001" name="login" time="60.162"/>
  <system-out/>
  <testcase classname="com.ifieldsmart.testCases.loginUser1ProjectListTC001" name="projectCard1" time="12.821"/>
  <system-out/>
</testsuite> <!-- com.ifieldsmart.testCases.loginUser1ProjectListTC001 -->
