<?xml version="1.0" encoding="UTF-8"?>
<!-- Generated by org.testng.reporters.JUnitReportReporter -->
<testsuite hostname="DESKTOP-IU9HLV1" failures="0" tests="6" name="com.ifieldsmart.testCases.CreateNewRfi_TC001" time="55.227" errors="0" timestamp="2022-06-19T13:55:39 IST" skipped="0">
  <testcase classname="com.ifieldsmart.testCases.CreateNewRfi_TC001" name="initbrowser" time="14.817"/>
  <system-out/>
  <testcase classname="com.ifieldsmart.testCases.CreateNewRfi_TC001" name="login" time="33.863"/>
  <system-out/>
  <testcase classname="com.ifieldsmart.testCases.CreateNewRfi_TC001" name="projectCard1" time="0.570"/>
  <system-out/>
  <testcase classname="com.ifieldsmart.testCases.CreateNewRfi_TC001" name="rfiFolderClick" time="0.393"/>
  <system-out/>
  <testcase classname="com.ifieldsmart.testCases.CreateNewRfi_TC001" name="rfiListCreate" time="0.832"/>
  <system-out/>
  <testcase classname="com.ifieldsmart.testCases.CreateNewRfi_TC001" name="createNewRfiForm" time="4.752"/>
  <system-out/>
</testsuite> <!-- com.ifieldsmart.testCases.CreateNewRfi_TC001 -->
