<?xml version="1.0" encoding="UTF-8"?>
<!-- Generated by org.testng.reporters.JUnitReportReporter -->
<testsuite hostname="DESKTOP-UO2RFHB" failures="0" tests="3" name="com.ifieldsmartTC_login.ProjectListTC001" time="106.772" errors="0" timestamp="2022-06-13T12:53:35 IST" skipped="0">
  <testcase classname="com.ifieldsmartTC_login.ProjectListTC001" name="initbrowser" time="5.307"/>
  <system-out/>
  <testcase classname="com.ifieldsmartTC_login.ProjectListTC001" name="login" time="4.264"/>
  <system-out/>
  <testcase classname="com.ifieldsmartTC_login.ProjectListTC001" name="projectCard1" time="97.201"/>
  <system-out/>
</testsuite> <!-- com.ifieldsmartTC_login.ProjectListTC001 -->
